<?xml version="1.0" encoding="UTF-8"?>
<testsuite name="org.example.AuthManagerTest" tests="2" skipped="0" failures="0" errors="0" timestamp="2022-10-11T14:23:53" hostname="kali" time="0.363">
  <properties/>
  <testcase name="testAuthManagerNotNull()" classname="org.example.AuthManagerTest" time="0.357"/>
  <testcase name="testAuthManagerNull()" classname="org.example.AuthManagerTest" time="0.004"/>
  <system-out><![CDATA[]]></system-out>
  <system-err><![CDATA[]]></system-err>
</testsuite>
